[2022-01-20T14:57:52.929Z] [PAYTM] INFO [NODE-SDK1.0.0] <MerchantProperties>: initialize called
[2022-01-20T14:57:52.932Z] [PAYTM] INFO [NODE-SDK1.0.0] <MerchantProperties>: Setting Environment for STAGE
[2022-01-20T14:57:52.936Z] [PAYTM] INFO [NODE-SDK:1.0.0:3040c7c0-0baf-4b86-a60e-e9175665d7d9] <Payment>: In createTxnToken PaymentDetail: {"channelId":"WEB","orderId":"asas","txnAmount":{"currency":"INR","value":"1.00"},"userInfo":{"custId":"parteek","address":"bankner","email":"prateek.dixit664@gmail.com","firstName":"parteek","mobile":"08860093414","pincode":"110040"},"readTimeout":80000}
[2022-01-20T14:57:52.936Z] [PAYTM] INFO [NODE-SDK:1.0.0:3040c7c0-0baf-4b86-a60e-e9175665d7d9] <Payment>: validatePaymentDetailsObject for object: {"channelId":"WEB","orderId":"asas","txnAmount":{"currency":"INR","value":"1.00"},"userInfo":{"custId":"parteek","address":"bankner","email":"prateek.dixit664@gmail.com","firstName":"parteek","mobile":"08860093414","pincode":"110040"},"readTimeout":80000}
[2022-01-20T14:57:52.937Z] [PAYTM] INFO [NODE-SDK:1.0.0:3040c7c0-0baf-4b86-a60e-e9175665d7d9] <Payment>:  validatePaymentDetailsObject returns true 
[2022-01-20T14:57:52.937Z] [PAYTM] INFO [NODE-SDK:1.0.0:3040c7c0-0baf-4b86-a60e-e9175665d7d9] <CommonUtil>: In getSecureRequestHeader
[2022-01-20T14:57:52.939Z] [PAYTM] INFO [NODE-SDK:1.0.0:3040c7c0-0baf-4b86-a60e-e9175665d7d9] <Payment>: InitiateTransactionRequest object {"head":{"version":"v2","channelId":"WEB","requestTimestamp":"1642690672938","signature":null},"body":{"requestType":"Payment","mid":"rtFYvm43539503419298","orderId":"asas","websiteName":"WEB","txnAmount":{"currency":"INR","value":"1.00"},"userInfo":{"custId":"parteek","address":"bankner","email":"prateek.dixit664@gmail.com","firstName":"parteek","mobile":"08860093414","pincode":"110040"},"callbackUrl":"https://pg-staging.paytm.in/MerchantSite/bankResponse"}}
[2022-01-20T14:57:52.940Z] [PAYTM] INFO [NODE-SDK:1.0.0:3040c7c0-0baf-4b86-a60e-e9175665d7d9] <EncDecUtil>: generateSignature() called
[2022-01-20T14:57:52.940Z] [PAYTM] INFO [NODE-SDK:1.0.0:3040c7c0-0baf-4b86-a60e-e9175665d7d9] <EncDecUtil>: generateRandomString() called
[2022-01-20T14:57:52.944Z] [PAYTM] INFO [NODE-SDK:1.0.0:3040c7c0-0baf-4b86-a60e-e9175665d7d9] <EncDecUtil>: generateSalt returns: q3CB
[2022-01-20T14:57:52.945Z] [PAYTM] INFO [NODE-SDK:1.0.0:3040c7c0-0baf-4b86-a60e-e9175665d7d9] <EncDecUtil>: getChecksumFromString returns: N8N26iOuDq762fnOp+w7+KzpdfRcLKC7CGVx7O2hdYNlV76YF08i7NTDWXxHN6dx3y8MzxgH/YYIujUyqub1twqKN76URkEsmvn90N3vG8k=
[2022-01-20T14:57:52.946Z] [PAYTM] INFO [NODE-SDK:1.0.0:3040c7c0-0baf-4b86-a60e-e9175665d7d9] <Request>: process for request: {"head":{"version":"v2","channelId":"WEB","requestTimestamp":"1642690672938","signature":"N8N26iOuDq762fnOp+w7+KzpdfRcLKC7CGVx7O2hdYNlV76YF08i7NTDWXxHN6dx3y8MzxgH/YYIujUyqub1twqKN76URkEsmvn90N3vG8k="},"body":{"requestType":"Payment","mid":"rtFYvm43539503419298","orderId":"asas","websiteName":"WEB","txnAmount":{"currency":"INR","value":"1.00"},"userInfo":{"custId":"parteek","address":"bankner","email":"prateek.dixit664@gmail.com","firstName":"parteek","mobile":"08860093414","pincode":"110040"},"callbackUrl":"https://pg-staging.paytm.in/MerchantSite/bankResponse"}}
[2022-01-20T14:57:52.947Z] [PAYTM] INFO [NODE-SDK:1.0.0:3040c7c0-0baf-4b86-a60e-e9175665d7d9] <Request>: executeCurl called 
[2022-01-20T14:57:52.947Z] [PAYTM] INFO [NODE-SDK:1.0.0:3040c7c0-0baf-4b86-a60e-e9175665d7d9] <Request>: will make API call to: https://securegw-stage.paytm.in/theia/api/v1/initiateTransaction?mid=rtFYvm43539503419298&orderId=asas
[2022-01-20T14:57:53.769Z] [PAYTM] INFO [NODE-SDK:1.0.0:3040c7c0-0baf-4b86-a60e-e9175665d7d9] <Request>: API response received upon successful execution: {"head":{"responseTimestamp":"1642690673747","version":"v1","signature":"/BRSNffFqzTSchZAbjfSabl6Z5nvyTFo5lopX36NusBWgwoc/fS250bmnSsQdd1+X4tEfo1TXzDEnChmLdWxeciJjTUs5Isn5iaB1zOW+9M="},"body":{"resultInfo":{"resultStatus":"S","resultCode":"0000","resultMsg":"Success"},"txnToken":"2053acdf729c429e88e1f871f9af60e41642690673350","isPromoCodeValid":false,"authenticated":false}}
[2022-01-20T14:57:53.770Z] [PAYTM] INFO [NODE-SDK:1.0.0:3040c7c0-0baf-4b86-a60e-e9175665d7d9] <Request>: Raw Response: {"head":{"responseTimestamp":"1642690673747","version":"v1","signature":"/BRSNffFqzTSchZAbjfSabl6Z5nvyTFo5lopX36NusBWgwoc/fS250bmnSsQdd1+X4tEfo1TXzDEnChmLdWxeciJjTUs5Isn5iaB1zOW+9M="},"body":{"resultInfo":{"resultStatus":"S","resultCode":"0000","resultMsg":"Success"},"txnToken":"2053acdf729c429e88e1f871f9af60e41642690673350","isPromoCodeValid":false,"authenticated":false}}
[2022-01-20T14:57:53.770Z] [PAYTM] INFO [NODE-SDK:1.0.0:3040c7c0-0baf-4b86-a60e-e9175665d7d9] <Request>: Response Data Object: {"head":{"signature":"/BRSNffFqzTSchZAbjfSabl6Z5nvyTFo5lopX36NusBWgwoc/fS250bmnSsQdd1+X4tEfo1TXzDEnChmLdWxeciJjTUs5Isn5iaB1zOW+9M=","responseTimestamp":"1642690673747","version":"v1"},"body":{"txnToken":"2053acdf729c429e88e1f871f9af60e41642690673350","isPromoCodeValid":false,"resultInfo":{"resultStatus":"S","resultMsg":"Success","resultCode":"0000"},"extraParamsMap":{}}}
[2022-01-20T14:57:53.770Z] [PAYTM] INFO [NODE-SDK:1.0.0:3040c7c0-0baf-4b86-a60e-e9175665d7d9] <Request>: validating signature 
[2022-01-20T14:57:53.770Z] [PAYTM] INFO [NODE-SDK:1.0.0:3040c7c0-0baf-4b86-a60e-e9175665d7d9] <EncDecUtil>: verifyChecksumByString called()
[2022-01-20T14:57:53.771Z] [PAYTM] INFO [NODE-SDK:1.0.0:3040c7c0-0baf-4b86-a60e-e9175665d7d9] <EncDecUtil>: verifyChecksumByString returns: true
[2022-01-20T14:57:53.771Z] [PAYTM] INFO [NODE-SDK:1.0.0:3040c7c0-0baf-4b86-a60e-e9175665d7d9] <Request>: signature validation passed 
[2022-01-20T14:57:53.771Z] [PAYTM] INFO [NODE-SDK:1.0.0:3040c7c0-0baf-4b86-a60e-e9175665d7d9] <Request>: Execution completed with raw json response: {"head":{"responseTimestamp":"1642690673747","version":"v1","signature":"/BRSNffFqzTSchZAbjfSabl6Z5nvyTFo5lopX36NusBWgwoc/fS250bmnSsQdd1+X4tEfo1TXzDEnChmLdWxeciJjTUs5Isn5iaB1zOW+9M="},"body":{"resultInfo":{"resultStatus":"S","resultCode":"0000","resultMsg":"Success"},"txnToken":"2053acdf729c429e88e1f871f9af60e41642690673350","isPromoCodeValid":false,"authenticated":false}}
[2022-01-22T16:50:58.007Z] [PAYTM] INFO [NODE-SDK:1.0.0:04513d1c-f4fe-4164-bb46-4cd7add3689c] <Payment>:  MerchantProperties are not initialized 
[2022-01-22T16:50:58.008Z] [PAYTM] CRITICAL [NODE-SDK:1.0.0:04513d1c-f4fe-4164-bb46-4cd7add3689c] <SDKException>: Missing merchant property
[2022-01-22T16:50:58.008Z] [PAYTM] CRITICAL [NODE-SDK:1.0.0:04513d1c-f4fe-4164-bb46-4cd7add3689c] <SDKException>: SDKException's msg Missing merchant property
[2022-01-22T16:50:58.008Z] [PAYTM] CRITICAL [NODE-SDK:1.0.0:04513d1c-f4fe-4164-bb46-4cd7add3689c] <CommonUtil>: getSDKResponse with exception : {"message":"Missing merchant property"}
[2022-01-22T16:50:58.008Z] [PAYTM] CRITICAL [NODE-SDK:1.0.0:04513d1c-f4fe-4164-bb46-4cd7add3689c] <CommonUtil>: Exception instanceof SDKException with rawData : undefined
[2022-01-22T16:51:34.263Z] [PAYTM] INFO [NODE-SDK:1.0.0:d98338c8-5902-43af-a72c-2f3cd9e33e98] <Payment>:  MerchantProperties are not initialized 
[2022-01-22T16:51:34.263Z] [PAYTM] CRITICAL [NODE-SDK:1.0.0:d98338c8-5902-43af-a72c-2f3cd9e33e98] <SDKException>: Missing merchant property
[2022-01-22T16:51:34.264Z] [PAYTM] CRITICAL [NODE-SDK:1.0.0:d98338c8-5902-43af-a72c-2f3cd9e33e98] <SDKException>: SDKException's msg Missing merchant property
[2022-01-22T16:51:34.264Z] [PAYTM] CRITICAL [NODE-SDK:1.0.0:d98338c8-5902-43af-a72c-2f3cd9e33e98] <CommonUtil>: getSDKResponse with exception : {"message":"Missing merchant property"}
[2022-01-22T16:51:34.264Z] [PAYTM] CRITICAL [NODE-SDK:1.0.0:d98338c8-5902-43af-a72c-2f3cd9e33e98] <CommonUtil>: Exception instanceof SDKException with rawData : undefined
[2022-01-22T16:54:08.199Z] [PAYTM] INFO [NODE-SDK:1.0.0:b6a827d1-47b9-4298-bd86-c6c277d41390] <Payment>:  MerchantProperties are not initialized 
[2022-01-22T16:54:08.200Z] [PAYTM] CRITICAL [NODE-SDK:1.0.0:b6a827d1-47b9-4298-bd86-c6c277d41390] <SDKException>: Missing merchant property
[2022-01-22T16:54:08.200Z] [PAYTM] CRITICAL [NODE-SDK:1.0.0:b6a827d1-47b9-4298-bd86-c6c277d41390] <SDKException>: SDKException's msg Missing merchant property
[2022-01-22T16:54:08.201Z] [PAYTM] CRITICAL [NODE-SDK:1.0.0:b6a827d1-47b9-4298-bd86-c6c277d41390] <CommonUtil>: getSDKResponse with exception : {"message":"Missing merchant property"}
[2022-01-22T16:54:08.201Z] [PAYTM] CRITICAL [NODE-SDK:1.0.0:b6a827d1-47b9-4298-bd86-c6c277d41390] <CommonUtil>: Exception instanceof SDKException with rawData : undefined
[2022-01-22T17:06:03.814Z] [PAYTM] INFO [NODE-SDK:1.0.0:a3028e74-f6e4-4977-ac65-a0b3a4989825] <Payment>:  MerchantProperties are not initialized 
[2022-01-22T17:06:03.815Z] [PAYTM] CRITICAL [NODE-SDK:1.0.0:a3028e74-f6e4-4977-ac65-a0b3a4989825] <SDKException>: Missing merchant property
[2022-01-22T17:06:03.815Z] [PAYTM] CRITICAL [NODE-SDK:1.0.0:a3028e74-f6e4-4977-ac65-a0b3a4989825] <SDKException>: SDKException's msg Missing merchant property
[2022-01-22T17:06:03.816Z] [PAYTM] CRITICAL [NODE-SDK:1.0.0:a3028e74-f6e4-4977-ac65-a0b3a4989825] <CommonUtil>: getSDKResponse with exception : {"message":"Missing merchant property"}
[2022-01-22T17:06:03.816Z] [PAYTM] CRITICAL [NODE-SDK:1.0.0:a3028e74-f6e4-4977-ac65-a0b3a4989825] <CommonUtil>: Exception instanceof SDKException with rawData : undefined
[2022-01-22T17:08:13.790Z] [PAYTM] INFO [NODE-SDK:1.0.0:cb2684ab-7aa1-4db3-9b26-977e1e34ce89] <Payment>:  MerchantProperties are not initialized 
[2022-01-22T17:08:13.790Z] [PAYTM] CRITICAL [NODE-SDK:1.0.0:cb2684ab-7aa1-4db3-9b26-977e1e34ce89] <SDKException>: Missing merchant property
[2022-01-22T17:08:13.790Z] [PAYTM] CRITICAL [NODE-SDK:1.0.0:cb2684ab-7aa1-4db3-9b26-977e1e34ce89] <SDKException>: SDKException's msg Missing merchant property
[2022-01-22T17:08:13.790Z] [PAYTM] CRITICAL [NODE-SDK:1.0.0:cb2684ab-7aa1-4db3-9b26-977e1e34ce89] <CommonUtil>: getSDKResponse with exception : {"message":"Missing merchant property"}
[2022-01-22T17:08:13.790Z] [PAYTM] CRITICAL [NODE-SDK:1.0.0:cb2684ab-7aa1-4db3-9b26-977e1e34ce89] <CommonUtil>: Exception instanceof SDKException with rawData : undefined
[2022-01-22T17:10:31.495Z] [PAYTM] INFO [NODE-SDK:1.0.0:22baa434-dadd-4748-851c-fd1d852c50c1] <Payment>:  MerchantProperties are not initialized 
[2022-01-22T17:10:31.496Z] [PAYTM] CRITICAL [NODE-SDK:1.0.0:22baa434-dadd-4748-851c-fd1d852c50c1] <SDKException>: Missing merchant property
[2022-01-22T17:10:31.496Z] [PAYTM] CRITICAL [NODE-SDK:1.0.0:22baa434-dadd-4748-851c-fd1d852c50c1] <SDKException>: SDKException's msg Missing merchant property
[2022-01-22T17:10:31.496Z] [PAYTM] CRITICAL [NODE-SDK:1.0.0:22baa434-dadd-4748-851c-fd1d852c50c1] <CommonUtil>: getSDKResponse with exception : {"message":"Missing merchant property"}
[2022-01-22T17:10:31.497Z] [PAYTM] CRITICAL [NODE-SDK:1.0.0:22baa434-dadd-4748-851c-fd1d852c50c1] <CommonUtil>: Exception instanceof SDKException with rawData : undefined
[2022-01-22T17:19:46.637Z] [PAYTM] INFO [NODE-SDK:1.0.0:f03910c4-2157-4e74-ab6d-b1cebe0fd810] <Payment>:  MerchantProperties are not initialized 
[2022-01-22T17:19:46.638Z] [PAYTM] CRITICAL [NODE-SDK:1.0.0:f03910c4-2157-4e74-ab6d-b1cebe0fd810] <SDKException>: Missing merchant property
[2022-01-22T17:19:46.638Z] [PAYTM] CRITICAL [NODE-SDK:1.0.0:f03910c4-2157-4e74-ab6d-b1cebe0fd810] <SDKException>: SDKException's msg Missing merchant property
[2022-01-22T17:19:46.639Z] [PAYTM] CRITICAL [NODE-SDK:1.0.0:f03910c4-2157-4e74-ab6d-b1cebe0fd810] <CommonUtil>: getSDKResponse with exception : {"message":"Missing merchant property"}
[2022-01-22T17:19:46.639Z] [PAYTM] CRITICAL [NODE-SDK:1.0.0:f03910c4-2157-4e74-ab6d-b1cebe0fd810] <CommonUtil>: Exception instanceof SDKException with rawData : undefined
